<?xml version="1.0" encoding="UTF-8" ?>
<testsuite failures="0" time="1.679" errors="0" skipped="0" tests="6" name="com.pack.base.RunBarclayTest">
  <properties>
    <property name="java.vendor" value="Oracle Corporation"/>
    <property name="JOB_NAME" value="BarclayQATestJob"/>
    <property name="sun.java.launcher" value="SUN_STANDARD"/>
    <property name="NUMBER_OF_PROCESSORS" value="4"/>
    <property name="sun.management.compiler" value="HotSpot Client Compiler"/>
    <property name="JENKINS_HOME" value="C:\Users\888932\.jenkins"/>
    <property name="HUDSON_SERVER_COOKIE" value="02e4cc67cfef04bd"/>
    <property name="POM_ARTIFACTID" value="BarclayDemo"/>
    <property name="os.name" value="Windows 7"/>
    <property name="sun.boot.class.path" value="C:\Program Files\Java\jdk1.7.0_45\jre\lib\resources.jar;C:\Program Files\Java\jdk1.7.0_45\jre\lib\rt.jar;C:\Program Files\Java\jdk1.7.0_45\jre\lib\sunrsasign.jar;C:\Program Files\Java\jdk1.7.0_45\jre\lib\jsse.jar;C:\Program Files\Java\jdk1.7.0_45\jre\lib\jce.jar;C:\Program Files\Java\jdk1.7.0_45\jre\lib\charsets.jar;C:\Program Files\Java\jdk1.7.0_45\jre\lib\jfr.jar;C:\Program Files\Java\jdk1.7.0_45\jre\classes"/>
    <property name="EXECUTOR_NUMBER" value="1"/>
    <property name="sun.desktop" value="windows"/>
    <property name="PATHEXT" value=".COM;.EXE;.BAT;.CMD;.VBS;.VBE;.JS;.JSE;.WSF;.WSH;.MSC"/>
    <property name="java.vm.specification.vendor" value="Oracle Corporation"/>
    <property name="POM_DISPLAYNAME" value="BarclayDemo"/>
    <property name="NODE_LABELS" value="master"/>
    <property name="TEMP" value="C:\Users\888932\AppData\Local\Temp"/>
    <property name="java.runtime.version" value="1.7.0_45-b18"/>
    <property name="ANT_HOME" value="C:\apache-ant-1.9.4"/>
    <property name="user.name" value="888932"/>
    <property name="guice.disable.misplaced.annotation.check" value="true"/>
    <property name="ProgramFiles" value="C:\Program Files"/>
    <property name="PROMPT" value="$P$G"/>
    <property name="user.language" value="en"/>
    <property name="M2" value="D:\Softwares\apache-maven-3.1.1\bin"/>
    <property name="BUILD_DISPLAY_NAME" value="#9"/>
    <property name="sun.boot.library.path" value="C:\Program Files\Java\jdk1.7.0_45\jre\bin"/>
    <property name="LOCALAPPDATA" value="C:\Users\888932\AppData\Local"/>
    <property name="java.version" value="1.7.0_45"/>
    <property name="PROCESSOR_LEVEL" value="6"/>
    <property name="user.timezone" value="Asia/Calcutta"/>
    <property name="USERNAME" value="888932"/>
    <property name="sun.arch.data.model" value="32"/>
    <property name="NODE_NAME" value="master"/>
    <property name="AXIS2_HOME" value="D:\Softwares\axis2-1.6.2"/>
    <property name="java.endorsed.dirs" value="C:\Program Files\Java\jdk1.7.0_45\jre\lib\endorsed"/>
    <property name="BUILD_ID" value="2015-08-11_10-37-16"/>
    <property name="sun.cpu.isalist" value="pentium_pro+mmx pentium_pro pentium+mmx pentium i486 i386 i86"/>
    <property name="sun.jnu.encoding" value="Cp1252"/>
    <property name="file.encoding.pkg" value="sun.io"/>
    <property name="file.separator" value="\"/>
    <property name="java.specification.name" value="Java Platform API Specification"/>
    <property name="HOMEDRIVE" value="C:"/>
    <property name="java.class.version" value="51.0"/>
    <property name="=::" value="::\"/>
    <property name="org.slf4j.simpleLogger.defaultLogLevel" value="info"/>
    <property name="user.country" value="US"/>
    <property name="ALLUSERSPROFILE" value="C:\ProgramData"/>
    <property name="java.home" value="C:\Program Files\Java\jdk1.7.0_45\jre"/>
    <property name="java.vm.info" value="mixed mode, sharing"/>
    <property name="os.version" value="6.1"/>
    <property name="CATALINA_HOME" value="D:\apache-tomcat-7.0.40-windows-x86\apache-tomcat-7.0.40"/>
    <property name="POM_VERSION" value="0.0.1-SNAPSHOT"/>
    <property name="TMP" value="C:\Users\888932\AppData\Local\Temp"/>
    <property name="path.separator" value=";"/>
    <property name="java.vm.version" value="24.45-b08"/>
    <property name="user.variant" value=""/>
    <property name="java.awt.printerjob" value="sun.awt.windows.WPrinterJob"/>
    <property name="GRADLE_HOME" value="D:\Softwares\gradle-2.3"/>
    <property name="FP_NO_HOST_CHECK" value="NO"/>
    <property name="JAVA_HOME" value="C:\Program Files\Java\jdk1.7.0_45"/>
    <property name="sun.io.unicode.encoding" value="UnicodeLittle"/>
    <property name="CommonProgramFiles" value="C:\Program Files\Common Files"/>
    <property name="ComSpec" value="C:\windows\system32\cmd.exe"/>
    <property name="HOMEPATH" value="\Users\888932"/>
    <property name="awt.toolkit" value="sun.awt.windows.WToolkit"/>
    <property name="USERDNSDOMAIN" value="INDIA.TCS.COM"/>
    <property name="POM_PACKAGING" value="jar"/>
    <property name="COMPUTERNAME" value="01HW717218"/>
    <property name="user.script" value=""/>
    <property name="POM_GROUPID" value="BarclayDemo"/>
    <property name="user.home" value="C:\Users\888932"/>
    <property name="PUBLIC" value="C:\Users\Public"/>
    <property name="BUILD_TAG" value="jenkins-BarclayQATestJob-9"/>
    <property name="JENKINS_SERVER_COOKIE" value="02e4cc67cfef04bd"/>
    <property name="HUDSON_URL" value="http://01hw717218.India.TCS.com:8080/jenkins/"/>
    <property name="ProgramData" value="C:\ProgramData"/>
    <property name="java.specification.vendor" value="Oracle Corporation"/>
    <property name="USERPROFILE" value="C:\Users\888932"/>
    <property name="CLASSPATH" value=""/>
    <property name="java.vendor.url" value="http://java.oracle.com/"/>
    <property name="java.library.path" value="C:\Program Files\Java\jdk1.7.0_45\bin;C:\windows\Sun\Java\bin;C:\windows\system32;C:\windows;D:\Softwares\apache-maven-3.1.1/bin;C:\Program Files\Java\jdk1.7.0_45/bin;C:\Program Files\Java\jdk1.7.0_45/bin;C:\windows\system32;C:\windows;C:\windows\System32\Wbem;C:\windows\System32\WindowsPowerShell\v1.0\;C:\Program Files\Intel\OpenCL SDK\2.0\bin\x86;C:\Program Files\Intel\OpenCL SDK\2.0\bin\x86;C:\Program Files\Intel\WiFi\bin\;C:\Program Files\Common Files\Intel\WirelessCommon\;C:\Program Files\Java\jdk1.7.0_45\bin;C:\Program Files\Java\jdk1.7.0_45\bin;D:\Softwares\apache-maven-3.1.1\bin;C:\Ruby200\bin;C:\Ruby200\lib\ruby\gems\2.0.0\gems;C:\Devkit;D:\Softwares\apache-maven-3.1.1\bin;C:\Program Files\Java\jdk1.7.0_45\bin;C:\Program Files\Git\bin;D:\Softwares\Sikuli\Sikuli-IDE\libs;C:\apache-ant-1.9.4\bin;C:\Program Files\Git\bin;D:\Softwares\gradle-2.3\bin;."/>
    <property name="java.vm.vendor" value="Oracle Corporation"/>
    <property name="APPDATA" value="C:\Users\888932\AppData\Roaming"/>
    <property name="SIKULI_HOME" value="D:\Softwares\Sikuli\Sikuli-IDE"/>
    <property name="java.runtime.name" value="Java(TM) SE Runtime Environment"/>
    <property name="maven.home" value="D:\Softwares\apache-maven-3.1.1"/>
    <property name="java.class.path" value="C:\Users\888932\.jenkins\plugins\maven-plugin\WEB-INF\lib\maven31-agent-1.5.jar;D:\Softwares\apache-maven-3.1.1\boot\plexus-classworlds-2.5.1.jar;D:\Softwares\apache-maven-3.1.1/conf/logging"/>
    <property name="sun.java.command" value="jenkins.maven3.agent.Maven31Main D:\Softwares\apache-maven-3.1.1 C:\Users\888932\.jenkins\war\WEB-INF\lib\remoting-2.43.jar C:\Users\888932\.jenkins\plugins\maven-plugin\WEB-INF\lib\maven31-interceptor-1.5.jar C:\Users\888932\.jenkins\plugins\maven-plugin\WEB-INF\lib\maven3-interceptor-commons-1.5.jar 49986"/>
    <property name="Path" value="C:\Program Files\Java\jdk1.7.0_45/bin;C:\windows\system32;C:\windows;C:\windows\System32\Wbem;C:\windows\System32\WindowsPowerShell\v1.0\;C:\Program Files\Intel\OpenCL SDK\2.0\bin\x86;C:\Program Files\Intel\OpenCL SDK\2.0\bin\x86;C:\Program Files\Intel\WiFi\bin\;C:\Program Files\Common Files\Intel\WirelessCommon\;C:\Program Files\Java\jdk1.7.0_45\bin;C:\Program Files\Java\jdk1.7.0_45\bin;D:\Softwares\apache-maven-3.1.1\bin;C:\Ruby200\bin;C:\Ruby200\lib\ruby\gems\2.0.0\gems;C:\Devkit;D:\Softwares\apache-maven-3.1.1\bin;C:\Program Files\Java\jdk1.7.0_45\bin;C:\Program Files\Git\bin;D:\Softwares\Sikuli\Sikuli-IDE\libs;C:\apache-ant-1.9.4\bin;C:\Program Files\Git\bin;D:\Softwares\gradle-2.3\bin"/>
    <property name="java.vm.specification.name" value="Java Virtual Machine Specification"/>
    <property name="PROCESSOR_ARCHITECTURE" value="x86"/>
    <property name="PATH+JDK" value="C:\Program Files\Java\jdk1.7.0_45/bin"/>
    <property name="PROCESSOR_IDENTIFIER" value="x86 Family 6 Model 58 Stepping 9, GenuineIntel"/>
    <property name="SESSIONNAME" value="Console"/>
    <property name="java.vm.specification.version" value="1.7"/>
    <property name="sun.os.patch.level" value="Service Pack 1"/>
    <property name="sun.cpu.endian" value="little"/>
    <property name="M2_HOME" value="D:\Softwares\apache-maven-3.1.1"/>
    <property name="=D:" value="D:\Softwares"/>
    <property name="java.io.tmpdir" value="C:\Users\888932\AppData\Local\Temp\"/>
    <property name="OS" value="Windows_NT"/>
    <property name="HUDSON_HOME" value="C:\Users\888932\.jenkins"/>
    <property name="PATH+MAVEN" value="D:\Softwares\apache-maven-3.1.1/bin"/>
    <property name="BUILD_URL" value="http://01hw717218.India.TCS.com:8080/jenkins/job/BarclayQATestJob/9/"/>
    <property name="java.vendor.url.bug" value="http://bugreport.sun.com/bugreport/"/>
    <property name="MAVEN_OPTS" value="-Xms256m -Xmx512m"/>
    <property name="java.awt.graphicsenv" value="sun.awt.Win32GraphicsEnvironment"/>
    <property name="os.arch" value="x86"/>
    <property name="SystemRoot" value="C:\windows"/>
    <property name="java.ext.dirs" value="C:\Program Files\Java\jdk1.7.0_45\jre\lib\ext;C:\windows\Sun\Java\lib\ext"/>
    <property name="user.dir" value="D:\eclipse\WorkSpace\BarclayDemo"/>
    <property name="JOB_URL" value="http://01hw717218.India.TCS.com:8080/jenkins/job/BarclayQATestJob/"/>
    <property name="LOGONSERVER" value="\\INKOLBBSDC2"/>
    <property name="USERDOMAIN" value="INDIA"/>
    <property name="line.separator" value="
"/>
    <property name="MAVEN_HOME" value="D:\Softwares\apache-maven-3.1.1"/>
    <property name="java.vm.name" value="Java HotSpot(TM) Client VM"/>
    <property name="BUILD_NUMBER" value="9"/>
    <property name="JENKINS_URL" value="http://01hw717218.India.TCS.com:8080/jenkins/"/>
    <property name="PROCESSOR_REVISION" value="3a09"/>
    <property name="UATDATA" value="C:\windows\CCM\UATData\D9F8C395-CAB8-491d-B8AC-179A1FE1BE77"/>
    <property name="TEAMCITY_DATA_PATH" value="C:\ProgramData\JetBrains\TeamCity"/>
    <property name="windir" value="C:\windows"/>
    <property name="file.encoding" value="Cp1252"/>
    <property name="SystemDrive" value="C:"/>
    <property name="maven3.interceptor" value="C:\Users\888932\.jenkins\plugins\maven-plugin\WEB-INF\lib\maven31-interceptor-1.5.jar"/>
    <property name="WORKSPACE" value="C:\Users\888932\.jenkins\workspace\BarclayQATestJob"/>
    <property name="maven3.interceptor.common" value="C:\Users\888932\.jenkins\plugins\maven-plugin\WEB-INF\lib\maven3-interceptor-commons-1.5.jar"/>
    <property name="java.specification.version" value="1.7"/>
    <property name="PSModulePath" value="C:\windows\system32\WindowsPowerShell\v1.0\Modules\"/>
  </properties>
  <testcase time="0.051" classname="Scenario: InvalidAccountNumber_Scenario" name="Given user is on ABSA home page"/>
  <testcase time="0" classname="Scenario: InvalidAccountNumber_Scenario" name="When selects Absa Online and clicks on the register button"/>
  <testcase time="0.001" classname="Scenario: InvalidAccountNumber_Scenario" name="Then user is navigated to register page"/>
  <testcase time="0" classname="Scenario: InvalidAccountNumber_Scenario" name="When user gives invalid account number"/>
  <testcase time="0" classname="Scenario: InvalidAccountNumber_Scenario" name="Then user should get NO ACCOUNTS LINKED error message"/>
  <testcase time="1.627" classname="Scenario: InvalidAccountNumber_Scenario" name="Scenario: InvalidAccountNumber_Scenario"/>
</testsuite>